app/manifest-merger-release-report.txt
-- Merging decision tree log ---
manifest
ADDED from AndroidManifest.xml:2:1
	xmlns:android
		ADDED from AndroidManifest.xml:2:11
	package
		ADDED from AndroidManifest.xml:3:5
		INJECTED from AndroidManifest.xml:0:0
		INJECTED from AndroidManifest.xml:0:0
	android:versionName
		INJECTED from AndroidManifest.xml:0:0
		INJECTED from AndroidManifest.xml:0:0
	android:versionCode
		INJECTED from AndroidManifest.xml:0:0
		INJECTED from AndroidManifest.xml:0:0
uses-permission#android.permission.GET_ACCOUNTS
ADDED from AndroidManifest.xml:5:5
	android:name
		ADDED from AndroidManifest.xml:5:22
uses-permission#android.permission.INTERNET
ADDED from AndroidManifest.xml:6:5
MERGED from com.google.android.gms:play-services-ads:8.4.0:20:5
	android:name
		ADDED from AndroidManifest.xml:6:22
uses-permission#android.permission.ACCESS_NETWORK_STATE
ADDED from AndroidManifest.xml:7:5
MERGED from com.google.android.gms:play-services-ads:8.4.0:21:5
	android:name
		ADDED from AndroidManifest.xml:7:22
uses-permission#android.permission.WRITE_EXTERNAL_STORAGE
ADDED from AndroidManifest.xml:8:5
	android:name
		ADDED from AndroidManifest.xml:8:22
uses-permission#android.permission.READ_EXTERNAL_STORAGE
ADDED from AndroidManifest.xml:9:5
	android:name
		ADDED from AndroidManifest.xml:9:22
uses-permission#com.android.vending.BILLING
ADDED from AndroidManifest.xml:10:5
	android:name
		ADDED from AndroidManifest.xml:10:22
application
ADDED from AndroidManifest.xml:12:5
MERGED from com.android.support:design:23.1.1:22:5
MERGED from com.android.support:appcompat-v7:23.1.1:22:5
MERGED from com.android.support:support-v4:23.1.1:22:5
MERGED from com.android.support:support-v4:23.1.1:22:5
MERGED from com.android.support:support-v4:23.1.1:22:5
MERGED from com.android.support:appcompat-v7:23.1.1:22:5
MERGED from com.android.support:support-v4:23.1.1:22:5
MERGED from com.android.support:cardview-v7:23.1.1:22:5
MERGED from com.android.support:support-v4:23.1.1:22:5
MERGED from com.google.android.gms:play-services-ads:8.4.0:24:5
MERGED from com.google.android.gms:play-services-basement:8.4.0:20:5
MERGED from com.android.support:support-v4:23.1.1:22:5
	android:label
		ADDED from AndroidManifest.xml:15:9
	android:allowBackup
		ADDED from AndroidManifest.xml:13:9
	android:icon
		ADDED from AndroidManifest.xml:14:9
	android:theme
		ADDED from AndroidManifest.xml:16:9
meta-data#com.google.android.gms.version
ADDED from AndroidManifest.xml:19:9
MERGED from com.google.android.gms:play-services-basement:8.4.0:21:9
	android:name
		ADDED from AndroidManifest.xml:20:13
	android:value
		ADDED from AndroidManifest.xml:21:13
activity#com.sachinshinde.wordlearner.activities.MainActivity
ADDED from AndroidManifest.xml:23:9
	android:label
		ADDED from AndroidManifest.xml:26:13
	android:clearTaskOnLaunch
		ADDED from AndroidManifest.xml:25:13
	android:name
		ADDED from AndroidManifest.xml:24:13
	android:launchMode
		ADDED from AndroidManifest.xml:27:13
intent-filter#android.intent.action.MAIN+android.intent.category.LAUNCHER
ADDED from AndroidManifest.xml:28:13
action#android.intent.action.MAIN
ADDED from AndroidManifest.xml:29:17
	android:name
		ADDED from AndroidManifest.xml:29:25
category#android.intent.category.LAUNCHER
ADDED from AndroidManifest.xml:31:17
	android:name
		ADDED from AndroidManifest.xml:31:27
activity#com.sachinshinde.wordlearner.activities.AddWordsActivity
ADDED from AndroidManifest.xml:34:9
	android:label
		ADDED from AndroidManifest.xml:36:13
	android:theme
		ADDED from AndroidManifest.xml:37:13
	android:name
		ADDED from AndroidManifest.xml:35:13
activity#com.sachinshinde.wordlearner.activities.TestWordsActivity
ADDED from AndroidManifest.xml:39:9
	android:label
		ADDED from AndroidManifest.xml:41:13
	android:name
		ADDED from AndroidManifest.xml:40:13
activity#com.google.android.gms.ads.AdActivity
ADDED from AndroidManifest.xml:44:9
MERGED from com.google.android.gms:play-services-ads:8.4.0:26:9
	android:configChanges
		ADDED from AndroidManifest.xml:46:13
	android:theme
		ADDED from AndroidManifest.xml:47:13
	android:name
		ADDED from AndroidManifest.xml:45:13
activity#com.sachinshinde.wordlearner.activities.AboutClass
ADDED from AndroidManifest.xml:48:9
	android:name
		ADDED from AndroidManifest.xml:48:19
activity#com.sachinshinde.wordlearner.activities.SessionsListActivity
ADDED from AndroidManifest.xml:49:9
	android:name
		ADDED from AndroidManifest.xml:49:19
service#com.sachinshinde.wordlearner.services.DownloadService
ADDED from AndroidManifest.xml:51:9
	android:label
		ADDED from AndroidManifest.xml:54:13
	android:icon
		ADDED from AndroidManifest.xml:53:13
	android:process
		ADDED from AndroidManifest.xml:55:13
	android:name
		ADDED from AndroidManifest.xml:52:13
activity#com.sachinshinde.wordlearner.activities.SessionDetailsActivity
ADDED from AndroidManifest.xml:58:9
	android:label
		ADDED from AndroidManifest.xml:60:13
	android:name
		ADDED from AndroidManifest.xml:59:13
activity#com.sachinshinde.wordlearner.activities.CreateSessionActivity
ADDED from AndroidManifest.xml:62:9
	android:label
		ADDED from AndroidManifest.xml:64:13
	android:name
		ADDED from AndroidManifest.xml:63:13
activity#com.sachinshinde.wordlearner.activities.AddWordsToSessionActivity
ADDED from AndroidManifest.xml:66:9
	android:label
		ADDED from AndroidManifest.xml:68:13
	android:name
		ADDED from AndroidManifest.xml:67:13
uses-sdk
INJECTED from AndroidManifest.xml:0:0 reason: use-sdk injection requested
MERGED from com.android.support:design:23.1.1:20:5
MERGED from com.android.support:appcompat-v7:23.1.1:20:5
MERGED from com.android.support:support-v4:23.1.1:20:5
MERGED from com.android.support:recyclerview-v7:23.1.1:20:5
MERGED from com.android.support:support-v4:23.1.1:20:5
MERGED from com.android.support:support-v4:23.1.1:20:5
MERGED from com.android.support:appcompat-v7:23.1.1:20:5
MERGED from com.android.support:support-v4:23.1.1:20:5
MERGED from com.android.support:cardview-v7:23.1.1:20:5
MERGED from com.android.support:recyclerview-v7:23.1.1:20:5
MERGED from com.android.support:support-v4:23.1.1:20:5
MERGED from com.google.android.gms:play-services-ads:8.4.0:23:5
MERGED from com.google.android.gms:play-services-basement:8.4.0:18:5
MERGED from com.android.support:support-v4:23.1.1:20:5
MERGED from net.rdrei.android.dirchooser:library:2.1:2:5
MERGED from com.daimajia.swipelayout:library:1.2.0:6:5
MERGED from com.github.amlcurran.showcaseview:library:5.3.0:22:5
	android:targetSdkVersion
		INJECTED from AndroidManifest.xml:0:0
		INJECTED from AndroidManifest.xml:0:0
	android:minSdkVersion
		INJECTED from AndroidManifest.xml:0:0
		INJECTED from AndroidManifest.xml:0:0
activity#com.google.android.gms.ads.purchase.InAppPurchaseActivity
ADDED from com.google.android.gms:play-services-ads:8.4.0:30:9
	android:theme
		ADDED from com.google.android.gms:play-services-ads:8.4.0:31:13
	android:name
		ADDED from com.google.android.gms:play-services-ads:8.4.0:30:19